<?xml version="1.0" encoding="UTF-8"?>
<!-- Generated by org.testng.reporters.JUnitXMLReporter -->
<testsuite hostname="DESKTOP-GK61F68" ignored="0" name="Test" tests="3" failures="1" timestamp="2021-08-11T18:40:27 IST" time="19.668" errors="0">
  <testcase name="Testcase1" time="0.031" classname="com.sdet1718.test.TestCase1"/>
  <testcase name="Testcase2" time="1.896" classname="com.sdet1718.test.TestCase2">
    <failure type="java.lang.AssertionError" message="expected [true] but found [false]">
      <![CDATA[java.lang.AssertionError: expected [true] but found [false]
at com.sdet1718.test.TestCase2.Testcase2(TestCase2.java:15)
at java.util.ArrayList.forEach(Unknown Source)
... Removed 31 stack frames]]>
    </failure>
  </testcase> <!-- Testcase2 -->
  <testcase name="Testcase3" time="0.003" classname="com.sdet1718.test.TestCase3">
    <skipped/>
  </testcase> <!-- Testcase3 -->
</testsuite> <!-- Test -->
